<?xml version="1.0" encoding="UTF-8"?>
<!-- Generated by org.testng.reporters.JUnitReportReporter -->
<testsuite hostname="DESKTOP-NBTGH82" failures="0" tests="1" name="TestScript.Sample1Test" time="0.021" errors="0" timestamp="2024-02-09T12:18:49 IST" skipped="0">
  <testcase classname="TestScript.Sample1Test" name="testCase" time="0.021"/>
  <system-out>
    <![CDATA[sample 1]]>
  </system-out>
</testsuite> <!-- TestScript.Sample1Test -->
